<?xml version="1.0" encoding="UTF-8"?>
<!-- Generated by org.testng.reporters.JUnitReportReporter -->
<testsuite hostname="JOHAN-NB" failures="0" tests="1" name="Selenium2.main" time="16.609" errors="0" timestamp="2024-11-15T21:38:20 WIB" skipped="0">
  <testcase classname="Selenium2.main" name="main" time="16.609"/>
</testsuite> <!-- Selenium2.main -->
